<?xml version="1.0" encoding="UTF-8"?>
<testsuite name="com.mvpitsolutions.rooftopcamera.RooftopCourseTest" tests="2" skipped="0" failures="0" errors="0" timestamp="2026-08-25T01:13:06.855Z" hostname="MVP-PC" time="0.002">
  <properties/>
  <testcase name="allNineRooftopCoursesHaveUniqueRegionsAndOrderedObstacles" classname="com.mvpitsolutions.rooftopcamera.RooftopCourseTest" time="0.002"/>
  <testcase name="sequenceWrapsFromLastObstacleToFirst" classname="com.mvpitsolutions.rooftopcamera.RooftopCourseTest" time="0.0"/>
  <system-out><![CDATA[]]></system-out>
  <system-err><![CDATA[]]></system-err>
</testsuite>
