<?xml version="1.0" encoding="UTF-8"?>
<testsuite name="com.mvpitsolutions.rooftopcamera.LayoutScorerTest" tests="2" skipped="0" failures="0" errors="0" timestamp="2026-08-25T01:13:06.849Z" hostname="MVP-PC" time="0.004">
  <properties/>
  <testcase name="closerTargetsScoreBetter" classname="com.mvpitsolutions.rooftopcamera.LayoutScorerTest" time="0.003"/>
  <testcase name="visibleTargetsAreWorthMoreThanOneTarget" classname="com.mvpitsolutions.rooftopcamera.LayoutScorerTest" time="0.0"/>
  <system-out><![CDATA[]]></system-out>
  <system-err><![CDATA[]]></system-err>
</testsuite>
